----------------run on OCTAVE----------------
----------------Initializing----------------
plotflag = 0
THflag = 0
OWRTflag = 1
------preexising gaussian seed ../setup_output/gaussseed.matbin being read in------
----------------Generating real-space 3D fields----------------
beta =  2.8000
gamma =  0.33000
Standard deviation of CDM overdensities (sDc) is 0.0041853
Choose CDM overdensity environment:
Input 0 for mean, 1 for overdense, 2 for underdense:0
CDM overdensity chosen: Delta_c = 0*sDc = 0
---------------------------------------
RMS of Vbc (rmsV) at z = 1000 is 30.0772 km/s
Peak of Vbc in Maxwell-Boltzmann distribution is 24.5579 km/s
Choose Vbc environment at z = 1000
Enter Vbc at z = 1000 in units of km/s: 30
786 patches out of total 3442951 patches satisfy your chosen condition with 1% margin.
----------------One best matching patch is being found----------------
Wanted Delta_c = 0; Selected patch's Delta_c = 1.558e-06
Wanted Vcb = 30 km/s; Selected patch's Vcb = 30.0075 km/s
The patch has already been selected. Proceeding anyways (recalculating).
----------------Integrating----------------
1th wavenumber out of 100 is being handled.
* 1th angle outta 21 is being handled.
* 2th angle outta 21 is being handled.

octave:2> quit

----------------run on OCTAVE----------------
----------------Initializing----------------
plotflag = 0
THflag = 0
OWRTflag = 1
------preexising gaussian seed ../setup_output/gaussseed.matbin being read in------
----------------Generating real-space 3D fields----------------
beta =  2.8000
gamma =  0.33000
Standard deviation of CDM overdensities (sDc) is 0.0041853
Choose CDM overdensity environment:
Input 0 for mean, 1 for overdense, 2 for underdense:0
CDM overdensity chosen: Delta_c = 0*sDc = 0
---------------------------------------
RMS of Vbc (rmsV) at z = 1000 is 30.0772 km/s
Peak of Vbc in Maxwell-Boltzmann distribution is 24.5579 km/s
Choose Vbc environment at z = 1000
Enter Vbc at z = 1000 in units of km/s: 30
786 patches out of total 3442951 patches satisfy your chosen condition with 1% margin.
----------------One best matching patch is being found----------------
Wanted Delta_c = 0; Selected patch's Delta_c = 1.558e-06
Wanted Vcb = 30 km/s; Selected patch's Vcb = 30 km/s
The patch has already been selected. Proceeding anyways (recalculating).
----------------Integrating----------------
1th wavenumber out of 100 is being handled.
* 1th angle outta 21 is being handled.
* 2th angle outta 21 is being handled.
* 3th angle outta 21 is being handled.
* 4th angle outta 21 is being handled.
* 5th angle outta 21 is being handled.
* 6th angle outta 21 is being handled.
* 7th angle outta 21 is being handled.
* 8th angle outta 21 is being handled.
* 9th angle outta 21 is being handled.
* 10th angle outta 21 is being handled.
* 11th angle outta 21 is being handled.
* 12th angle outta 21 is being handled.
* 13th angle outta 21 is being handled.
* 14th angle outta 21 is being handled.
* 15th angle outta 21 is being handled.
* 16th angle outta 21 is being handled.
* 17th angle outta 21 is being handled.
* 18th angle outta 21 is being handled.
* 19th angle outta 21 is being handled.
* 20th angle outta 21 is being handled.
* 21th angle outta 21 is being handled.
2th wavenumber out of 100 is being handled.
* 1th angle outta 21 is being handled.
* 2th angle outta 21 is being handled.
* 3th angle outta 21 is being handled.
* 4th angle outta 21 is being handled.
* 5th angle outta 21 is being handled.
* 6th angle outta 21 is being handled.
* 7th angle outta 21 is being handled.
* 8th angle outta 21 is being handled.
* 9th angle outta 21 is being handled.
* 10th angle outta 21 is being handled.
* 11th angle outta 21 is being handled.
* 12th angle outta 21 is being handled.
* 13th angle outta 21 is being handled.
* 14th angle outta 21 is being handled.
* 15th angle outta 21 is being handled.
* 16th angle outta 21 is being handled.
* 17th angle outta 21 is being handled.
* 18th angle outta 21 is being handled.
* 19th angle outta 21 is being handled.
* 20th angle outta 21 is being handled.
* 21th angle outta 21 is being handled.
3th wavenumber out of 100 is being handled.
* 1th angle outta 21 is being handled.
* 2th angle outta 21 is being handled.
* 3th angle outta 21 is being handled.
* 4th angle outta 21 is being handled.
* 5th angle outta 21 is being handled.
* 6th angle outta 21 is being handled.
* 7th angle outta 21 is being handled.
* 8th angle outta 21 is being handled.
* 9th angle outta 21 is being handled.
* 10th angle outta 21 is being handled.
* 11th angle outta 21 is being handled.
* 12th angle outta 21 is being handled.
* 13th angle outta 21 is being handled.
* 14th angle outta 21 is being handled.
* 15th angle outta 21 is being handled.
* 16th angle outta 21 is being handled.
* 17th angle outta 21 is being handled.
* 18th angle outta 21 is being handled.
* 19th angle outta 21 is being handled.
* 20th angle outta 21 is being handled.
* 21th angle outta 21 is being handled.
4th wavenumber out of 100 is being handled.
* 1th angle outta 21 is being handled.
* 2th angle outta 21 is being handled.
* 3th angle outta 21 is being handled.
* 4th angle outta 21 is being handled.
* 5th angle outta 21 is being handled.
* 6th angle outta 21 is being handled.
* 7th angle outta 21 is being handled.
* 8th angle outta 21 is being handled.
* 9th angle outta 21 is being handled.
* 10th angle outta 21 is being handled.
* 11th angle outta 21 is being handled.
* 12th angle outta 21 is being handled.
* 13th angle outta 21 is being handled.
* 14th angle outta 21 is being handled.
* 15th angle outta 21 is being handled.
* 16th angle outta 21 is being handled.
* 17th angle outta 21 is being handled.
* 18th angle outta 21 is being handled.
* 19th angle outta 21 is being handled.
* 20th angle outta 21 is being handled.
* 21th angle outta 21 is being handled.
5th wavenumber out of 100 is being handled.
* 1th angle outta 21 is being handled.
* 2th angle outta 21 is being handled.
* 3th angle outta 21 is being handled.
* 4th angle outta 21 is being handled.
* 5th angle outta 21 is being handled.
* 6th angle outta 21 is being handled.
* 7th angle outta 21 is being handled.
* 8th angle outta 21 is being handled.
* 9th angle outta 21 is being handled.
* 10th angle outta 21 is being handled.
* 11th angle outta 21 is being handled.
* 12th angle outta 21 is being handled.
* 13th angle outta 21 is being handled.
* 14th angle outta 21 is being handled.
* 15th angle outta 21 is being handled.
* 16th angle outta 21 is being handled.
* 17th angle outta 21 is being handled.
* 18th angle outta 21 is being handled.
* 19th angle outta 21 is being handled.
* 20th angle outta 21 is being handled.
* 21th angle outta 21 is being handled.
6th wavenumber out of 100 is being handled.
* 1th angle outta 21 is being handled.
* 2th angle outta 21 is being handled.
* 3th angle outta 21 is being handled.
* 4th angle outta 21 is being handled.
* 5th angle outta 21 is being handled.
* 6th angle outta 21 is being handled.
* 7th angle outta 21 is being handled.
* 8th angle outta 21 is being handled.
* 9th angle outta 21 is being handled.
* 10th angle outta 21 is being handled.
* 11th angle outta 21 is being handled.
* 12th angle outta 21 is being handled.
* 13th angle outta 21 is being handled.
* 14th angle outta 21 is being handled.
* 15th angle outta 21 is being handled.
* 16th angle outta 21 is being handled.
* 17th angle outta 21 is being handled.
* 18th angle outta 21 is being handled.
* 19th angle outta 21 is being handled.
* 20th angle outta 21 is being handled.
* 21th angle outta 21 is being handled.
7th wavenumber out of 100 is being handled.
* 1th angle outta 21 is being handled.
* 2th angle outta 21 is being handled.
* 3th angle outta 21 is being handled.
* 4th angle outta 21 is being handled.
* 5th angle outta 21 is being handled.
* 6th angle outta 21 is being handled.
* 7th angle outta 21 is being handled.
* 8th angle outta 21 is being handled.
* 9th angle outta 21 is being handled.
* 10th angle outta 21 is being handled.
* 11th angle outta 21 is being handled.
* 12th angle outta 21 is being handled.
* 13th angle outta 21 is being handled.
* 14th angle outta 21 is being handled.
* 15th angle outta 21 is being handled.
* 16th angle outta 21 is being handled.
* 17th angle outta 21 is being handled.
* 18th angle outta 21 is being handled.
* 19th angle outta 21 is being handled.
* 20th angle outta 21 is being handled.
* 21th angle outta 21 is being handled.
8th wavenumber out of 100 is being handled.
* 1th angle outta 21 is being handled.
* 2th angle outta 21 is being handled.
* 3th angle outta 21 is being handled.
* 4th angle outta 21 is being handled.
* 5th angle outta 21 is being handled.
* 6th angle outta 21 is being handled.
* 7th angle outta 21 is being handled.
* 8th angle outta 21 is being handled.
* 9th angle outta 21 is being handled.
* 10th angle outta 21 is being handled.
* 11th angle outta 21 is being handled.
* 12th angle outta 21 is being handled.
* 13th angle outta 21 is being handled.
* 14th angle outta 21 is being handled.
* 15th angle outta 21 is being handled.
* 16th angle outta 21 is being handled.
* 17th angle outta 21 is being handled.
* 18th angle outta 21 is being handled.
* 19th angle outta 21 is being handled.
* 20th angle outta 21 is being handled.
* 21th angle outta 21 is being handled.
9th wavenumber out of 100 is being handled.
* 1th angle outta 21 is being handled.
* 2th angle outta 21 is being handled.
* 3th angle outta 21 is being handled.
* 4th angle outta 21 is being handled.
* 5th angle outta 21 is being handled.
* 6th angle outta 21 is being handled.
* 7th angle outta 21 is being handled.
* 8th angle outta 21 is being handled.
* 9th angle outta 21 is being handled.
* 10th angle outta 21 is being handled.
* 11th angle outta 21 is being handled.
* 12th angle outta 21 is being handled.
* 13th angle outta 21 is being handled.
* 14th angle outta 21 is being handled.
* 15th angle outta 21 is being handled.
* 16th angle outta 21 is being handled.
* 17th angle outta 21 is being handled.
* 18th angle outta 21 is being handled.
* 19th angle outta 21 is being handled.
* 20th angle outta 21 is being handled.
* 21th angle outta 21 is being handled.
10th wavenumber out of 100 is being handled.
* 1th angle outta 21 is being handled.
* 2th angle outta 21 is being handled.
* 3th angle outta 21 is being handled.
* 4th angle outta 21 is being handled.
* 5th angle outta 21 is being handled.
* 6th angle outta 21 is being handled.
* 7th angle outta 21 is being handled.
* 8th angle outta 21 is being handled.
* 9th angle outta 21 is being handled.
* 10th angle outta 21 is being handled.
* 11th angle outta 21 is being handled.
* 12th angle outta 21 is being handled.
* 13th angle outta 21 is being handled.
* 14th angle outta 21 is being handled.
* 15th angle outta 21 is being handled.
* 16th angle outta 21 is being handled.
* 17th angle outta 21 is being handled.
* 18th angle outta 21 is being handled.
* 19th angle outta 21 is being handled.
* 20th angle outta 21 is being handled.
* 21th angle outta 21 is being handled.
11th wavenumber out of 100 is being handled.
* 1th angle outta 21 is being handled.
* 2th angle outta 21 is being handled.
* 3th angle outta 21 is being handled.
* 4th angle outta 21 is being handled.
* 5th angle outta 21 is being handled.
* 6th angle outta 21 is being handled.
* 7th angle outta 21 is being handled.
* 8th angle outta 21 is being handled.
* 9th angle outta 21 is being handled.
* 10th angle outta 21 is being handled.
* 11th angle outta 21 is being handled.
* 12th angle outta 21 is being handled.
* 13th angle outta 21 is being handled.
* 14th angle outta 21 is being handled.
* 15th angle outta 21 is being handled.
* 16th angle outta 21 is being handled.
* 17th angle outta 21 is being handled.
* 18th angle outta 21 is being handled.
* 19th angle outta 21 is being handled.
* 20th angle outta 21 is being handled.
* 21th angle outta 21 is being handled.
12th wavenumber out of 100 is being handled.
* 1th angle outta 21 is being handled.
* 2th angle outta 21 is being handled.
* 3th angle outta 21 is being handled.
* 4th angle outta 21 is being handled.
* 5th angle outta 21 is being handled.
* 6th angle outta 21 is being handled.
* 7th angle outta 21 is being handled.
* 8th angle outta 21 is being handled.
* 9th angle outta 21 is being handled.
* 10th angle outta 21 is being handled.
* 11th angle outta 21 is being handled.
* 12th angle outta 21 is being handled.
* 13th angle outta 21 is being handled.
* 14th angle outta 21 is being handled.
* 15th angle outta 21 is being handled.
* 16th angle outta 21 is being handled.
* 17th angle outta 21 is being handled.
* 18th angle outta 21 is being handled.
* 19th angle outta 21 is being handled.
* 20th angle outta 21 is being handled.
* 21th angle outta 21 is being handled.
13th wavenumber out of 100 is being handled.
* 1th angle outta 21 is being handled.
* 2th angle outta 21 is being handled.
* 3th angle outta 21 is being handled.
* 4th angle outta 21 is being handled.
* 5th angle outta 21 is being handled.
* 6th angle outta 21 is being handled.
* 7th angle outta 21 is being handled.
* 8th angle outta 21 is being handled.
* 9th angle outta 21 is being handled.
* 10th angle outta 21 is being handled.
* 11th angle outta 21 is being handled.
* 12th angle outta 21 is being handled.
* 13th angle outta 21 is being handled.
* 14th angle outta 21 is being handled.
* 15th angle outta 21 is being handled.
* 16th angle outta 21 is being handled.
* 17th angle outta 21 is being handled.
* 18th angle outta 21 is being handled.
* 19th angle outta 21 is being handled.
* 20th angle outta 21 is being handled.
* 21th angle outta 21 is being handled.
14th wavenumber out of 100 is being handled.
* 1th angle outta 21 is being handled.
* 2th angle outta 21 is being handled.
* 3th angle outta 21 is being handled.
* 4th angle outta 21 is being handled.
* 5th angle outta 21 is being handled.
* 6th angle outta 21 is being handled.
* 7th angle outta 21 is being handled.
* 8th angle outta 21 is being handled.
* 9th angle outta 21 is being handled.
* 10th angle outta 21 is being handled.
* 11th angle outta 21 is being handled.
* 12th angle outta 21 is being handled.
* 13th angle outta 21 is being handled.
* 14th angle outta 21 is being handled.
* 15th angle outta 21 is being handled.
* 16th angle outta 21 is being handled.
* 17th angle outta 21 is being handled.
* 18th angle outta 21 is being handled.
* 19th angle outta 21 is being handled.
* 20th angle outta 21 is being handled.
* 21th angle outta 21 is being handled.
15th wavenumber out of 100 is being handled.
* 1th angle outta 21 is being handled.
* 2th angle outta 21 is being handled.
* 3th angle outta 21 is being handled.
* 4th angle outta 21 is being handled.
* 5th angle outta 21 is being handled.
* 6th angle outta 21 is being handled.
* 7th angle outta 21 is being handled.
* 8th angle outta 21 is being handled.
* 9th angle outta 21 is being handled.
* 10th angle outta 21 is being handled.
* 11th angle outta 21 is being handled.
* 12th angle outta 21 is being handled.
* 13th angle outta 21 is being handled.
* 14th angle outta 21 is being handled.
* 15th angle outta 21 is being handled.
* 16th angle outta 21 is being handled.
* 17th angle outta 21 is being handled.
* 18th angle outta 21 is being handled.
* 19th angle outta 21 is being handled.
* 20th angle outta 21 is being handled.
* 21th angle outta 21 is being handled.
16th wavenumber out of 100 is being handled.
* 1th angle outta 21 is being handled.
* 2th angle outta 21 is being handled.
* 3th angle outta 21 is being handled.
* 4th angle outta 21 is being handled.
* 5th angle outta 21 is being handled.
* 6th angle outta 21 is being handled.
* 7th angle outta 21 is being handled.
* 8th angle outta 21 is being handled.
* 9th angle outta 21 is being handled.
* 10th angle outta 21 is being handled.
* 11th angle outta 21 is being handled.
* 12th angle outta 21 is being handled.
* 13th angle outta 21 is being handled.
* 14th angle outta 21 is being handled.
* 15th angle outta 21 is being handled.
* 16th angle outta 21 is being handled.
* 17th angle outta 21 is being handled.
* 18th angle outta 21 is being handled.
* 19th angle outta 21 is being handled.
* 20th angle outta 21 is being handled.
* 21th angle outta 21 is being handled.
17th wavenumber out of 100 is being handled.
* 1th angle outta 21 is being handled.
* 2th angle outta 21 is being handled.
* 3th angle outta 21 is being handled.
* 4th angle outta 21 is being handled.
* 5th angle outta 21 is being handled.
* 6th angle outta 21 is being handled.
* 7th angle outta 21 is being handled.
* 8th angle outta 21 is being handled.
* 9th angle outta 21 is being handled.
* 10th angle outta 21 is being handled.
* 11th angle outta 21 is being handled.
* 12th angle outta 21 is being handled.
* 13th angle outta 21 is being handled.
* 14th angle outta 21 is being handled.
* 15th angle outta 21 is being handled.
* 16th angle outta 21 is being handled.
* 17th angle outta 21 is being handled.
* 18th angle outta 21 is being handled.
* 19th angle outta 21 is being handled.
* 20th angle outta 21 is being handled.
* 21th angle outta 21 is being handled.
18th wavenumber out of 100 is being handled.
* 1th angle outta 21 is being handled.
* 2th angle outta 21 is being handled.
* 3th angle outta 21 is being handled.
* 4th angle outta 21 is being handled.
* 5th angle outta 21 is being handled.
* 6th angle outta 21 is being handled.
* 7th angle outta 21 is being handled.
* 8th angle outta 21 is being handled.
* 9th angle outta 21 is being handled.
* 10th angle outta 21 is being handled.
* 11th angle outta 21 is being handled.
* 12th angle outta 21 is being handled.
* 13th angle outta 21 is being handled.
* 14th angle outta 21 is being handled.
* 15th angle outta 21 is being handled.
* 16th angle outta 21 is being handled.
* 17th angle outta 21 is being handled.
* 18th angle outta 21 is being handled.
* 19th angle outta 21 is being handled.
* 20th angle outta 21 is being handled.
* 21th angle outta 21 is being handled.
19th wavenumber out of 100 is being handled.
* 1th angle outta 21 is being handled.
* 2th angle outta 21 is being handled.
* 3th angle outta 21 is being handled.
* 4th angle outta 21 is being handled.
* 5th angle outta 21 is being handled.
* 6th angle outta 21 is being handled.
* 7th angle outta 21 is being handled.
* 8th angle outta 21 is being handled.
* 9th angle outta 21 is being handled.
* 10th angle outta 21 is being handled.
* 11th angle outta 21 is being handled.
* 12th angle outta 21 is being handled.
* 13th angle outta 21 is being handled.
* 14th angle outta 21 is being handled.
* 15th angle outta 21 is being handled.
* 16th angle outta 21 is being handled.
* 17th angle outta 21 is being handled.
* 18th angle outta 21 is being handled.
* 19th angle outta 21 is being handled.
* 20th angle outta 21 is being handled.
* 21th angle outta 21 is being handled.
20th wavenumber out of 100 is being handled.
* 1th angle outta 21 is being handled.
* 2th angle outta 21 is being handled.
* 3th angle outta 21 is being handled.
* 4th angle outta 21 is being handled.
* 5th angle outta 21 is being handled.
* 6th angle outta 21 is being handled.
* 7th angle outta 21 is being handled.
* 8th angle outta 21 is being handled.
* 9th angle outta 21 is being handled.
* 10th angle outta 21 is being handled.
* 11th angle outta 21 is being handled.
* 12th angle outta 21 is being handled.
* 13th angle outta 21 is being handled.
* 14th angle outta 21 is being handled.
* 15th angle outta 21 is being handled.
* 16th angle outta 21 is being handled.
* 17th angle outta 21 is being handled.
* 18th angle outta 21 is being handled.
* 19th angle outta 21 is being handled.
* 20th angle outta 21 is being handled.
* 21th angle outta 21 is being handled.
21th wavenumber out of 100 is being handled.
* 1th angle outta 21 is being handled.
* 2th angle outta 21 is being handled.
* 3th angle outta 21 is being handled.
* 4th angle outta 21 is being handled.
* 5th angle outta 21 is being handled.
* 6th angle outta 21 is being handled.
* 7th angle outta 21 is being handled.
* 8th angle outta 21 is being handled.
* 9th angle outta 21 is being handled.
* 10th angle outta 21 is being handled.
* 11th angle outta 21 is being handled.
* 12th angle outta 21 is being handled.
* 13th angle outta 21 is being handled.
* 14th angle outta 21 is being handled.
* 15th angle outta 21 is being handled.
* 16th angle outta 21 is being handled.
* 17th angle outta 21 is being handled.
* 18th angle outta 21 is being handled.
* 19th angle outta 21 is being handled.
* 20th angle outta 21 is being handled.
* 21th angle outta 21 is being handled.
22th wavenumber out of 100 is being handled.
* 1th angle outta 21 is being handled.
* 2th angle outta 21 is being handled.
* 3th angle outta 21 is being handled.
* 4th angle outta 21 is being handled.
* 5th angle outta 21 is being handled.
* 6th angle outta 21 is being handled.
* 7th angle outta 21 is being handled.
* 8th angle outta 21 is being handled.
* 9th angle outta 21 is being handled.
* 10th angle outta 21 is being handled.
* 11th angle outta 21 is being handled.
* 12th angle outta 21 is being handled.
* 13th angle outta 21 is being handled.
* 14th angle outta 21 is being handled.
* 15th angle outta 21 is being handled.
* 16th angle outta 21 is being handled.
* 17th angle outta 21 is being handled.
* 18th angle outta 21 is being handled.
* 19th angle outta 21 is being handled.
* 20th angle outta 21 is being handled.
* 21th angle outta 21 is being handled.
23th wavenumber out of 100 is being handled.
* 1th angle outta 21 is being handled.
* 2th angle outta 21 is being handled.
* 3th angle outta 21 is being handled.
* 4th angle outta 21 is being handled.
* 5th angle outta 21 is being handled.
* 6th angle outta 21 is being handled.
* 7th angle outta 21 is being handled.
* 8th angle outta 21 is being handled.
* 9th angle outta 21 is being handled.
* 10th angle outta 21 is being handled.
* 11th angle outta 21 is being handled.
* 12th angle outta 21 is being handled.
* 13th angle outta 21 is being handled.
* 14th angle outta 21 is being handled.
* 15th angle outta 21 is being handled.
* 16th angle outta 21 is being handled.
* 17th angle outta 21 is being handled.
* 18th angle outta 21 is being handled.
* 19th angle outta 21 is being handled.
* 20th angle outta 21 is being handled.
* 21th angle outta 21 is being handled.
24th wavenumber out of 100 is being handled.
* 1th angle outta 21 is being handled.
* 2th angle outta 21 is being handled.
* 3th angle outta 21 is being handled.
* 4th angle outta 21 is being handled.
* 5th angle outta 21 is being handled.
* 6th angle outta 21 is being handled.
* 7th angle outta 21 is being handled.
* 8th angle outta 21 is being handled.
* 9th angle outta 21 is being handled.
* 10th angle outta 21 is being handled.
* 11th angle outta 21 is being handled.
* 12th angle outta 21 is being handled.
* 13th angle outta 21 is being handled.
* 14th angle outta 21 is being handled.
* 15th angle outta 21 is being handled.
* 16th angle outta 21 is being handled.
* 17th angle outta 21 is being handled.
* 18th angle outta 21 is being handled.
* 19th angle outta 21 is being handled.
* 20th angle outta 21 is being handled.
* 21th angle outta 21 is being handled.
25th wavenumber out of 100 is being handled.
* 1th angle outta 21 is being handled.
* 2th angle outta 21 is being handled.
* 3th angle outta 21 is being handled.
* 4th angle outta 21 is being handled.
* 5th angle outta 21 is being handled.
* 6th angle outta 21 is being handled.
* 7th angle outta 21 is being handled.
* 8th angle outta 21 is being handled.
* 9th angle outta 21 is being handled.
* 10th angle outta 21 is being handled.
* 11th angle outta 21 is being handled.
* 12th angle outta 21 is being handled.
* 13th angle outta 21 is being handled.
* 14th angle outta 21 is being handled.
* 15th angle outta 21 is being handled.
* 16th angle outta 21 is being handled.
* 17th angle outta 21 is being handled.
* 18th angle outta 21 is being handled.
* 19th angle outta 21 is being handled.
* 20th angle outta 21 is being handled.
* 21th angle outta 21 is being handled.
26th wavenumber out of 100 is being handled.
* 1th angle outta 21 is being handled.
* 2th angle outta 21 is being handled.
* 3th angle outta 21 is being handled.
* 4th angle outta 21 is being handled.
* 5th angle outta 21 is being handled.
* 6th angle outta 21 is being handled.
* 7th angle outta 21 is being handled.
* 8th angle outta 21 is being handled.
* 9th angle outta 21 is being handled.
* 10th angle outta 21 is being handled.
* 11th angle outta 21 is being handled.
* 12th angle outta 21 is being handled.
* 13th angle outta 21 is being handled.
* 14th angle outta 21 is being handled.
* 15th angle outta 21 is being handled.
* 16th angle outta 21 is being handled.
* 17th angle outta 21 is being handled.
* 18th angle outta 21 is being handled.
* 19th angle outta 21 is being handled.
* 20th angle outta 21 is being handled.
* 21th angle outta 21 is being handled.
27th wavenumber out of 100 is being handled.
* 1th angle outta 21 is being handled.
* 2th angle outta 21 is being handled.
* 3th angle outta 21 is being handled.
* 4th angle outta 21 is being handled.
* 5th angle outta 21 is being handled.
* 6th angle outta 21 is being handled.
* 7th angle outta 21 is being handled.
* 8th angle outta 21 is being handled.
* 9th angle outta 21 is being handled.
* 10th angle outta 21 is being handled.
* 11th angle outta 21 is being handled.
* 12th angle outta 21 is being handled.
* 13th angle outta 21 is being handled.
* 14th angle outta 21 is being handled.
* 15th angle outta 21 is being handled.
* 16th angle outta 21 is being handled.
* 17th angle outta 21 is being handled.
* 18th angle outta 21 is being handled.
* 19th angle outta 21 is being handled.
* 20th angle outta 21 is being handled.
* 21th angle outta 21 is being handled.
28th wavenumber out of 100 is being handled.
* 1th angle outta 21 is being handled.
* 2th angle outta 21 is being handled.
* 3th angle outta 21 is being handled.
* 4th angle outta 21 is being handled.
* 5th angle outta 21 is being handled.
* 6th angle outta 21 is being handled.
* 7th angle outta 21 is being handled.
* 8th angle outta 21 is being handled.
* 9th angle outta 21 is being handled.
* 10th angle outta 21 is being handled.
* 11th angle outta 21 is being handled.
* 12th angle outta 21 is being handled.
* 13th angle outta 21 is being handled.
* 14th angle outta 21 is being handled.
* 15th angle outta 21 is being handled.
* 16th angle outta 21 is being handled.
* 17th angle outta 21 is being handled.
* 18th angle outta 21 is being handled.
* 19th angle outta 21 is being handled.
* 20th angle outta 21 is being handled.
* 21th angle outta 21 is being handled.
29th wavenumber out of 100 is being handled.
* 1th angle outta 21 is being handled.
* 2th angle outta 21 is being handled.
* 3th angle outta 21 is being handled.
* 4th angle outta 21 is being handled.
* 5th angle outta 21 is being handled.
* 6th angle outta 21 is being handled.
* 7th angle outta 21 is being handled.
* 8th angle outta 21 is being handled.
* 9th angle outta 21 is being handled.
* 10th angle outta 21 is being handled.
* 11th angle outta 21 is being handled.
* 12th angle outta 21 is being handled.
* 13th angle outta 21 is being handled.
* 14th angle outta 21 is being handled.
* 15th angle outta 21 is being handled.
* 16th angle outta 21 is being handled.
* 17th angle outta 21 is being handled.
* 18th angle outta 21 is being handled.
* 19th angle outta 21 is being handled.
* 20th angle outta 21 is being handled.
* 21th angle outta 21 is being handled.
30th wavenumber out of 100 is being handled.
* 1th angle outta 21 is being handled.
* 2th angle outta 21 is being handled.
* 3th angle outta 21 is being handled.
* 4th angle outta 21 is being handled.
* 5th angle outta 21 is being handled.
* 6th angle outta 21 is being handled.
* 7th angle outta 21 is being handled.
* 8th angle outta 21 is being handled.
* 9th angle outta 21 is being handled.
* 10th angle outta 21 is being handled.
* 11th angle outta 21 is being handled.
* 12th angle outta 21 is being handled.
* 13th angle outta 21 is being handled.
* 14th angle outta 21 is being handled.
* 15th angle outta 21 is being handled.
* 16th angle outta 21 is being handled.
* 17th angle outta 21 is being handled.
* 18th angle outta 21 is being handled.
* 19th angle outta 21 is being handled.
* 20th angle outta 21 is being handled.
* 21th angle outta 21 is being handled.
31th wavenumber out of 100 is being handled.
* 1th angle outta 21 is being handled.
* 2th angle outta 21 is being handled.
* 3th angle outta 21 is being handled.
* 4th angle outta 21 is being handled.
* 5th angle outta 21 is being handled.
* 6th angle outta 21 is being handled.
* 7th angle outta 21 is being handled.
* 8th angle outta 21 is being handled.
* 9th angle outta 21 is being handled.
* 10th angle outta 21 is being handled.
* 11th angle outta 21 is being handled.
* 12th angle outta 21 is being handled.
* 13th angle outta 21 is being handled.
* 14th angle outta 21 is being handled.
* 15th angle outta 21 is being handled.
* 16th angle outta 21 is being handled.
* 17th angle outta 21 is being handled.
* 18th angle outta 21 is being handled.
* 19th angle outta 21 is being handled.
* 20th angle outta 21 is being handled.
* 21th angle outta 21 is being handled.
32th wavenumber out of 100 is being handled.
* 1th angle outta 21 is being handled.
* 2th angle outta 21 is being handled.
* 3th angle outta 21 is being handled.
* 4th angle outta 21 is being handled.
* 5th angle outta 21 is being handled.
* 6th angle outta 21 is being handled.
* 7th angle outta 21 is being handled.
* 8th angle outta 21 is being handled.
* 9th angle outta 21 is being handled.
* 10th angle outta 21 is being handled.
* 11th angle outta 21 is being handled.
* 12th angle outta 21 is being handled.
* 13th angle outta 21 is being handled.
* 14th angle outta 21 is being handled.
* 15th angle outta 21 is being handled.
* 16th angle outta 21 is being handled.
* 17th angle outta 21 is being handled.
* 18th angle outta 21 is being handled.
* 19th angle outta 21 is being handled.
* 20th angle outta 21 is being handled.
* 21th angle outta 21 is being handled.
33th wavenumber out of 100 is being handled.
* 1th angle outta 21 is being handled.
* 2th angle outta 21 is being handled.
* 3th angle outta 21 is being handled.
* 4th angle outta 21 is being handled.
* 5th angle outta 21 is being handled.
* 6th angle outta 21 is being handled.
* 7th angle outta 21 is being handled.
* 8th angle outta 21 is being handled.
* 9th angle outta 21 is being handled.
* 10th angle outta 21 is being handled.
* 11th angle outta 21 is being handled.
* 12th angle outta 21 is being handled.
* 13th angle outta 21 is being handled.
* 14th angle outta 21 is being handled.
* 15th angle outta 21 is being handled.
* 16th angle outta 21 is being handled.
* 17th angle outta 21 is being handled.
* 18th angle outta 21 is being handled.
* 19th angle outta 21 is being handled.
* 20th angle outta 21 is being handled.
* 21th angle outta 21 is being handled.
34th wavenumber out of 100 is being handled.
* 1th angle outta 21 is being handled.
* 2th angle outta 21 is being handled.
* 3th angle outta 21 is being handled.
* 4th angle outta 21 is being handled.
* 5th angle outta 21 is being handled.
* 6th angle outta 21 is being handled.
* 7th angle outta 21 is being handled.
* 8th angle outta 21 is being handled.
* 9th angle outta 21 is being handled.
* 10th angle outta 21 is being handled.
* 11th angle outta 21 is being handled.
* 12th angle outta 21 is being handled.
* 13th angle outta 21 is being handled.
* 14th angle outta 21 is being handled.
* 15th angle outta 21 is being handled.
* 16th angle outta 21 is being handled.
* 17th angle outta 21 is being handled.
* 18th angle outta 21 is being handled.
* 19th angle outta 21 is being handled.
* 20th angle outta 21 is being handled.
* 21th angle outta 21 is being handled.
35th wavenumber out of 100 is being handled.
* 1th angle outta 21 is being handled.
* 2th angle outta 21 is being handled.
* 3th angle outta 21 is being handled.
* 4th angle outta 21 is being handled.
* 5th angle outta 21 is being handled.
* 6th angle outta 21 is being handled.
* 7th angle outta 21 is being handled.
* 8th angle outta 21 is being handled.
* 9th angle outta 21 is being handled.
* 10th angle outta 21 is being handled.
* 11th angle outta 21 is being handled.
* 12th angle outta 21 is being handled.
* 13th angle outta 21 is being handled.
* 14th angle outta 21 is being handled.
* 15th angle outta 21 is being handled.
* 16th angle outta 21 is being handled.
* 17th angle outta 21 is being handled.
* 18th angle outta 21 is being handled.
* 19th angle outta 21 is being handled.
* 20th angle outta 21 is being handled.
* 21th angle outta 21 is being handled.
36th wavenumber out of 100 is being handled.
* 1th angle outta 21 is being handled.
* 2th angle outta 21 is being handled.
* 3th angle outta 21 is being handled.
* 4th angle outta 21 is being handled.
* 5th angle outta 21 is being handled.
* 6th angle outta 21 is being handled.
* 7th angle outta 21 is being handled.
* 8th angle outta 21 is being handled.
* 9th angle outta 21 is being handled.
* 10th angle outta 21 is being handled.
* 11th angle outta 21 is being handled.
* 12th angle outta 21 is being handled.
* 13th angle outta 21 is being handled.
* 14th angle outta 21 is being handled.
* 15th angle outta 21 is being handled.
* 16th angle outta 21 is being handled.
* 17th angle outta 21 is being handled.
* 18th angle outta 21 is being handled.
* 19th angle outta 21 is being handled.
* 20th angle outta 21 is being handled.
* 21th angle outta 21 is being handled.
37th wavenumber out of 100 is being handled.
* 1th angle outta 21 is being handled.
* 2th angle outta 21 is being handled.
* 3th angle outta 21 is being handled.
* 4th angle outta 21 is being handled.
* 5th angle outta 21 is being handled.
* 6th angle outta 21 is being handled.
* 7th angle outta 21 is being handled.
* 8th angle outta 21 is being handled.
* 9th angle outta 21 is being handled.
* 10th angle outta 21 is being handled.
* 11th angle outta 21 is being handled.
* 12th angle outta 21 is being handled.
* 13th angle outta 21 is being handled.
* 14th angle outta 21 is being handled.
* 15th angle outta 21 is being handled.
* 16th angle outta 21 is being handled.
* 17th angle outta 21 is being handled.
* 18th angle outta 21 is being handled.
* 19th angle outta 21 is being handled.
* 20th angle outta 21 is being handled.
* 21th angle outta 21 is being handled.
38th wavenumber out of 100 is being handled.
* 1th angle outta 21 is being handled.
* 2th angle outta 21 is being handled.
* 3th angle outta 21 is being handled.
* 4th angle outta 21 is being handled.
* 5th angle outta 21 is being handled.
* 6th angle outta 21 is being handled.
* 7th angle outta 21 is being handled.
* 8th angle outta 21 is being handled.
* 9th angle outta 21 is being handled.
* 10th angle outta 21 is being handled.
* 11th angle outta 21 is being handled.
* 12th angle outta 21 is being handled.
* 13th angle outta 21 is being handled.
* 14th angle outta 21 is being handled.
* 15th angle outta 21 is being handled.
* 16th angle outta 21 is being handled.
* 17th angle outta 21 is being handled.
* 18th angle outta 21 is being handled.
* 19th angle outta 21 is being handled.
* 20th angle outta 21 is being handled.
* 21th angle outta 21 is being handled.
39th wavenumber out of 100 is being handled.
* 1th angle outta 21 is being handled.
* 2th angle outta 21 is being handled.
* 3th angle outta 21 is being handled.
* 4th angle outta 21 is being handled.
* 5th angle outta 21 is being handled.
* 6th angle outta 21 is being handled.
* 7th angle outta 21 is being handled.
* 8th angle outta 21 is being handled.
* 9th angle outta 21 is being handled.
* 10th angle outta 21 is being handled.
* 11th angle outta 21 is being handled.
* 12th angle outta 21 is being handled.
* 13th angle outta 21 is being handled.
* 14th angle outta 21 is being handled.
* 15th angle outta 21 is being handled.
* 16th angle outta 21 is being handled.
* 17th angle outta 21 is being handled.
* 18th angle outta 21 is being handled.
* 19th angle outta 21 is being handled.
* 20th angle outta 21 is being handled.
* 21th angle outta 21 is being handled.
40th wavenumber out of 100 is being handled.
* 1th angle outta 21 is being handled.
* 2th angle outta 21 is being handled.
* 3th angle outta 21 is being handled.
* 4th angle outta 21 is being handled.
* 5th angle outta 21 is being handled.
* 6th angle outta 21 is being handled.
* 7th angle outta 21 is being handled.
* 8th angle outta 21 is being handled.
* 9th angle outta 21 is being handled.
* 10th angle outta 21 is being handled.
* 11th angle outta 21 is being handled.
* 12th angle outta 21 is being handled.
* 13th angle outta 21 is being handled.
* 14th angle outta 21 is being handled.
* 15th angle outta 21 is being handled.
* 16th angle outta 21 is being handled.
* 17th angle outta 21 is being handled.
* 18th angle outta 21 is being handled.
* 19th angle outta 21 is being handled.
* 20th angle outta 21 is being handled.
* 21th angle outta 21 is being handled.
41th wavenumber out of 100 is being handled.
* 1th angle outta 21 is being handled.
* 2th angle outta 21 is being handled.
* 3th angle outta 21 is being handled.
* 4th angle outta 21 is being handled.
* 5th angle outta 21 is being handled.
* 6th angle outta 21 is being handled.
* 7th angle outta 21 is being handled.
* 8th angle outta 21 is being handled.
* 9th angle outta 21 is being handled.
* 10th angle outta 21 is being handled.
* 11th angle outta 21 is being handled.
* 12th angle outta 21 is being handled.
* 13th angle outta 21 is being handled.
* 14th angle outta 21 is being handled.
* 15th angle outta 21 is being handled.
* 16th angle outta 21 is being handled.
* 17th angle outta 21 is being handled.
* 18th angle outta 21 is being handled.
* 19th angle outta 21 is being handled.
* 20th angle outta 21 is being handled.
* 21th angle outta 21 is being handled.
42th wavenumber out of 100 is being handled.
* 1th angle outta 21 is being handled.
* 2th angle outta 21 is being handled.
* 3th angle outta 21 is being handled.
* 4th angle outta 21 is being handled.
* 5th angle outta 21 is being handled.
* 6th angle outta 21 is being handled.
* 7th angle outta 21 is being handled.
* 8th angle outta 21 is being handled.
* 9th angle outta 21 is being handled.
* 10th angle outta 21 is being handled.
* 11th angle outta 21 is being handled.
* 12th angle outta 21 is being handled.
* 13th angle outta 21 is being handled.
* 14th angle outta 21 is being handled.
* 15th angle outta 21 is being handled.
* 16th angle outta 21 is being handled.
* 17th angle outta 21 is being handled.
* 18th angle outta 21 is being handled.
* 19th angle outta 21 is being handled.
* 20th angle outta 21 is being handled.
* 21th angle outta 21 is being handled.
43th wavenumber out of 100 is being handled.
* 1th angle outta 21 is being handled.
* 2th angle outta 21 is being handled.
* 3th angle outta 21 is being handled.
* 4th angle outta 21 is being handled.
* 5th angle outta 21 is being handled.
* 6th angle outta 21 is being handled.
* 7th angle outta 21 is being handled.
* 8th angle outta 21 is being handled.
* 9th angle outta 21 is being handled.
* 10th angle outta 21 is being handled.
* 11th angle outta 21 is being handled.
* 12th angle outta 21 is being handled.
* 13th angle outta 21 is being handled.
* 14th angle outta 21 is being handled.
* 15th angle outta 21 is being handled.
* 16th angle outta 21 is being handled.
* 17th angle outta 21 is being handled.
* 18th angle outta 21 is being handled.
* 19th angle outta 21 is being handled.
* 20th angle outta 21 is being handled.
* 21th angle outta 21 is being handled.
44th wavenumber out of 100 is being handled.
* 1th angle outta 21 is being handled.
* 2th angle outta 21 is being handled.
* 3th angle outta 21 is being handled.
* 4th angle outta 21 is being handled.
* 5th angle outta 21 is being handled.
* 6th angle outta 21 is being handled.
* 7th angle outta 21 is being handled.
* 8th angle outta 21 is being handled.
* 9th angle outta 21 is being handled.
* 10th angle outta 21 is being handled.
* 11th angle outta 21 is being handled.
* 12th angle outta 21 is being handled.
* 13th angle outta 21 is being handled.
* 14th angle outta 21 is being handled.
* 15th angle outta 21 is being handled.
* 16th angle outta 21 is being handled.
* 17th angle outta 21 is being handled.
* 18th angle outta 21 is being handled.
* 19th angle outta 21 is being handled.
* 20th angle outta 21 is being handled.
* 21th angle outta 21 is being handled.
45th wavenumber out of 100 is being handled.
* 1th angle outta 21 is being handled.
* 2th angle outta 21 is being handled.
* 3th angle outta 21 is being handled.
* 4th angle outta 21 is being handled.
* 5th angle outta 21 is being handled.
* 6th angle outta 21 is being handled.
* 7th angle outta 21 is being handled.
* 8th angle outta 21 is being handled.
* 9th angle outta 21 is being handled.
* 10th angle outta 21 is being handled.
* 11th angle outta 21 is being handled.
* 12th angle outta 21 is being handled.
* 13th angle outta 21 is being handled.
* 14th angle outta 21 is being handled.
* 15th angle outta 21 is being handled.
* 16th angle outta 21 is being handled.
* 17th angle outta 21 is being handled.
* 18th angle outta 21 is being handled.
* 19th angle outta 21 is being handled.
* 20th angle outta 21 is being handled.
* 21th angle outta 21 is being handled.
46th wavenumber out of 100 is being handled.
* 1th angle outta 21 is being handled.
* 2th angle outta 21 is being handled.
* 3th angle outta 21 is being handled.
* 4th angle outta 21 is being handled.
* 5th angle outta 21 is being handled.
* 6th angle outta 21 is being handled.
* 7th angle outta 21 is being handled.
* 8th angle outta 21 is being handled.
* 9th angle outta 21 is being handled.
* 10th angle outta 21 is being handled.
* 11th angle outta 21 is being handled.
* 12th angle outta 21 is being handled.
* 13th angle outta 21 is being handled.
* 14th angle outta 21 is being handled.
* 15th angle outta 21 is being handled.
* 16th angle outta 21 is being handled.
* 17th angle outta 21 is being handled.
* 18th angle outta 21 is being handled.
* 19th angle outta 21 is being handled.
* 20th angle outta 21 is being handled.
* 21th angle outta 21 is being handled.
47th wavenumber out of 100 is being handled.
* 1th angle outta 21 is being handled.
* 2th angle outta 21 is being handled.
* 3th angle outta 21 is being handled.
* 4th angle outta 21 is being handled.
* 5th angle outta 21 is being handled.
* 6th angle outta 21 is being handled.
* 7th angle outta 21 is being handled.
* 8th angle outta 21 is being handled.
* 9th angle outta 21 is being handled.
* 10th angle outta 21 is being handled.
* 11th angle outta 21 is being handled.
* 12th angle outta 21 is being handled.
* 13th angle outta 21 is being handled.
* 14th angle outta 21 is being handled.
* 15th angle outta 21 is being handled.
* 16th angle outta 21 is being handled.
* 17th angle outta 21 is being handled.
* 18th angle outta 21 is being handled.
* 19th angle outta 21 is being handled.
* 20th angle outta 21 is being handled.
* 21th angle outta 21 is being handled.
48th wavenumber out of 100 is being handled.
* 1th angle outta 21 is being handled.
* 2th angle outta 21 is being handled.
* 3th angle outta 21 is being handled.
* 4th angle outta 21 is being handled.
* 5th angle outta 21 is being handled.
* 6th angle outta 21 is being handled.
* 7th angle outta 21 is being handled.
* 8th angle outta 21 is being handled.
* 9th angle outta 21 is being handled.
* 10th angle outta 21 is being handled.
* 11th angle outta 21 is being handled.
* 12th angle outta 21 is being handled.
* 13th angle outta 21 is being handled.
* 14th angle outta 21 is being handled.
* 15th angle outta 21 is being handled.
* 16th angle outta 21 is being handled.
* 17th angle outta 21 is being handled.
* 18th angle outta 21 is being handled.
* 19th angle outta 21 is being handled.
* 20th angle outta 21 is being handled.
* 21th angle outta 21 is being handled.
49th wavenumber out of 100 is being handled.
* 1th angle outta 21 is being handled.
* 2th angle outta 21 is being handled.
* 3th angle outta 21 is being handled.
* 4th angle outta 21 is being handled.
* 5th angle outta 21 is being handled.
* 6th angle outta 21 is being handled.
* 7th angle outta 21 is being handled.
* 8th angle outta 21 is being handled.
* 9th angle outta 21 is being handled.
* 10th angle outta 21 is being handled.
* 11th angle outta 21 is being handled.
* 12th angle outta 21 is being handled.
* 13th angle outta 21 is being handled.
* 14th angle outta 21 is being handled.
* 15th angle outta 21 is being handled.
* 16th angle outta 21 is being handled.
* 17th angle outta 21 is being handled.
* 18th angle outta 21 is being handled.
* 19th angle outta 21 is being handled.
* 20th angle outta 21 is being handled.
* 21th angle outta 21 is being handled.
50th wavenumber out of 100 is being handled.
* 1th angle outta 21 is being handled.
* 2th angle outta 21 is being handled.
* 3th angle outta 21 is being handled.
* 4th angle outta 21 is being handled.
* 5th angle outta 21 is being handled.
* 6th angle outta 21 is being handled.
* 7th angle outta 21 is being handled.
* 8th angle outta 21 is being handled.
* 9th angle outta 21 is being handled.
* 10th angle outta 21 is being handled.
* 11th angle outta 21 is being handled.
* 12th angle outta 21 is being handled.
* 13th angle outta 21 is being handled.
* 14th angle outta 21 is being handled.
* 15th angle outta 21 is being handled.
* 16th angle outta 21 is being handled.
* 17th angle outta 21 is being handled.
* 18th angle outta 21 is being handled.
* 19th angle outta 21 is being handled.
* 20th angle outta 21 is being handled.
* 21th angle outta 21 is being handled.
51th wavenumber out of 100 is being handled.
* 1th angle outta 21 is being handled.
* 2th angle outta 21 is being handled.
* 3th angle outta 21 is being handled.
* 4th angle outta 21 is being handled.
* 5th angle outta 21 is being handled.
* 6th angle outta 21 is being handled.
* 7th angle outta 21 is being handled.
* 8th angle outta 21 is being handled.
* 9th angle outta 21 is being handled.
* 10th angle outta 21 is being handled.
* 11th angle outta 21 is being handled.
* 12th angle outta 21 is being handled.
* 13th angle outta 21 is being handled.
* 14th angle outta 21 is being handled.
* 15th angle outta 21 is being handled.
* 16th angle outta 21 is being handled.
* 17th angle outta 21 is being handled.
* 18th angle outta 21 is being handled.
* 19th angle outta 21 is being handled.
* 20th angle outta 21 is being handled.
* 21th angle outta 21 is being handled.
52th wavenumber out of 100 is being handled.
* 1th angle outta 21 is being handled.
* 2th angle outta 21 is being handled.
* 3th angle outta 21 is being handled.
* 4th angle outta 21 is being handled.
* 5th angle outta 21 is being handled.
* 6th angle outta 21 is being handled.
* 7th angle outta 21 is being handled.
* 8th angle outta 21 is being handled.
* 9th angle outta 21 is being handled.
* 10th angle outta 21 is being handled.
* 11th angle outta 21 is being handled.
* 12th angle outta 21 is being handled.
* 13th angle outta 21 is being handled.
* 14th angle outta 21 is being handled.
* 15th angle outta 21 is being handled.
* 16th angle outta 21 is being handled.
* 17th angle outta 21 is being handled.
* 18th angle outta 21 is being handled.
* 19th angle outta 21 is being handled.
* 20th angle outta 21 is being handled.
* 21th angle outta 21 is being handled.
53th wavenumber out of 100 is being handled.
* 1th angle outta 21 is being handled.
* 2th angle outta 21 is being handled.
* 3th angle outta 21 is being handled.
* 4th angle outta 21 is being handled.
* 5th angle outta 21 is being handled.
* 6th angle outta 21 is being handled.
* 7th angle outta 21 is being handled.
* 8th angle outta 21 is being handled.
* 9th angle outta 21 is being handled.
* 10th angle outta 21 is being handled.
* 11th angle outta 21 is being handled.
* 12th angle outta 21 is being handled.
* 13th angle outta 21 is being handled.
* 14th angle outta 21 is being handled.
* 15th angle outta 21 is being handled.
* 16th angle outta 21 is being handled.
* 17th angle outta 21 is being handled.
* 18th angle outta 21 is being handled.
* 19th angle outta 21 is being handled.
* 20th angle outta 21 is being handled.
* 21th angle outta 21 is being handled.
54th wavenumber out of 100 is being handled.
* 1th angle outta 21 is being handled.
* 2th angle outta 21 is being handled.
* 3th angle outta 21 is being handled.
* 4th angle outta 21 is being handled.
* 5th angle outta 21 is being handled.
* 6th angle outta 21 is being handled.
* 7th angle outta 21 is being handled.
* 8th angle outta 21 is being handled.
* 9th angle outta 21 is being handled.
* 10th angle outta 21 is being handled.
* 11th angle outta 21 is being handled.
* 12th angle outta 21 is being handled.
* 13th angle outta 21 is being handled.
* 14th angle outta 21 is being handled.
* 15th angle outta 21 is being handled.
* 16th angle outta 21 is being handled.
* 17th angle outta 21 is being handled.
* 18th angle outta 21 is being handled.
* 19th angle outta 21 is being handled.
* 20th angle outta 21 is being handled.
* 21th angle outta 21 is being handled.
55th wavenumber out of 100 is being handled.
* 1th angle outta 21 is being handled.
* 2th angle outta 21 is being handled.
* 3th angle outta 21 is being handled.
* 4th angle outta 21 is being handled.
* 5th angle outta 21 is being handled.
* 6th angle outta 21 is being handled.
* 7th angle outta 21 is being handled.
* 8th angle outta 21 is being handled.
* 9th angle outta 21 is being handled.
* 10th angle outta 21 is being handled.
* 11th angle outta 21 is being handled.
* 12th angle outta 21 is being handled.
* 13th angle outta 21 is being handled.
* 14th angle outta 21 is being handled.
* 15th angle outta 21 is being handled.
* 16th angle outta 21 is being handled.
* 17th angle outta 21 is being handled.
* 18th angle outta 21 is being handled.
* 19th angle outta 21 is being handled.
* 20th angle outta 21 is being handled.
* 21th angle outta 21 is being handled.
56th wavenumber out of 100 is being handled.
* 1th angle outta 21 is being handled.
* 2th angle outta 21 is being handled.
* 3th angle outta 21 is being handled.
* 4th angle outta 21 is being handled.
* 5th angle outta 21 is being handled.
* 6th angle outta 21 is being handled.
* 7th angle outta 21 is being handled.
* 8th angle outta 21 is being handled.
* 9th angle outta 21 is being handled.
* 10th angle outta 21 is being handled.
* 11th angle outta 21 is being handled.
* 12th angle outta 21 is being handled.
* 13th angle outta 21 is being handled.
* 14th angle outta 21 is being handled.
* 15th angle outta 21 is being handled.
* 16th angle outta 21 is being handled.
* 17th angle outta 21 is being handled.
* 18th angle outta 21 is being handled.
* 19th angle outta 21 is being handled.
* 20th angle outta 21 is being handled.
* 21th angle outta 21 is being handled.
57th wavenumber out of 100 is being handled.
* 1th angle outta 21 is being handled.
* 2th angle outta 21 is being handled.
* 3th angle outta 21 is being handled.
* 4th angle outta 21 is being handled.
* 5th angle outta 21 is being handled.
* 6th angle outta 21 is being handled.
* 7th angle outta 21 is being handled.
* 8th angle outta 21 is being handled.
* 9th angle outta 21 is being handled.
* 10th angle outta 21 is being handled.
* 11th angle outta 21 is being handled.
* 12th angle outta 21 is being handled.
* 13th angle outta 21 is being handled.
* 14th angle outta 21 is being handled.
* 15th angle outta 21 is being handled.
* 16th angle outta 21 is being handled.
* 17th angle outta 21 is being handled.
* 18th angle outta 21 is being handled.
* 19th angle outta 21 is being handled.
* 20th angle outta 21 is being handled.
* 21th angle outta 21 is being handled.
58th wavenumber out of 100 is being handled.
* 1th angle outta 21 is being handled.
* 2th angle outta 21 is being handled.
* 3th angle outta 21 is being handled.
* 4th angle outta 21 is being handled.
* 5th angle outta 21 is being handled.
* 6th angle outta 21 is being handled.
* 7th angle outta 21 is being handled.
* 8th angle outta 21 is being handled.
* 9th angle outta 21 is being handled.
* 10th angle outta 21 is being handled.
* 11th angle outta 21 is being handled.
* 12th angle outta 21 is being handled.
* 13th angle outta 21 is being handled.
* 14th angle outta 21 is being handled.
* 15th angle outta 21 is being handled.
* 16th angle outta 21 is being handled.
* 17th angle outta 21 is being handled.
* 18th angle outta 21 is being handled.
* 19th angle outta 21 is being handled.
* 20th angle outta 21 is being handled.
* 21th angle outta 21 is being handled.
59th wavenumber out of 100 is being handled.
* 1th angle outta 21 is being handled.
* 2th angle outta 21 is being handled.
* 3th angle outta 21 is being handled.
* 4th angle outta 21 is being handled.
* 5th angle outta 21 is being handled.
* 6th angle outta 21 is being handled.
* 7th angle outta 21 is being handled.
* 8th angle outta 21 is being handled.
* 9th angle outta 21 is being handled.
* 10th angle outta 21 is being handled.
* 11th angle outta 21 is being handled.
* 12th angle outta 21 is being handled.
* 13th angle outta 21 is being handled.
* 14th angle outta 21 is being handled.
* 15th angle outta 21 is being handled.
* 16th angle outta 21 is being handled.
* 17th angle outta 21 is being handled.
* 18th angle outta 21 is being handled.
* 19th angle outta 21 is being handled.
* 20th angle outta 21 is being handled.
* 21th angle outta 21 is being handled.
60th wavenumber out of 100 is being handled.
* 1th angle outta 21 is being handled.
* 2th angle outta 21 is being handled.
* 3th angle outta 21 is being handled.
* 4th angle outta 21 is being handled.
* 5th angle outta 21 is being handled.
* 6th angle outta 21 is being handled.
* 7th angle outta 21 is being handled.
* 8th angle outta 21 is being handled.
* 9th angle outta 21 is being handled.
* 10th angle outta 21 is being handled.
* 11th angle outta 21 is being handled.
* 12th angle outta 21 is being handled.
* 13th angle outta 21 is being handled.
* 14th angle outta 21 is being handled.
* 15th angle outta 21 is being handled.
* 16th angle outta 21 is being handled.
* 17th angle outta 21 is being handled.
* 18th angle outta 21 is being handled.
* 19th angle outta 21 is being handled.
* 20th angle outta 21 is being handled.
* 21th angle outta 21 is being handled.
61th wavenumber out of 100 is being handled.
* 1th angle outta 21 is being handled.
* 2th angle outta 21 is being handled.
* 3th angle outta 21 is being handled.
* 4th angle outta 21 is being handled.
* 5th angle outta 21 is being handled.
* 6th angle outta 21 is being handled.
* 7th angle outta 21 is being handled.
* 8th angle outta 21 is being handled.
* 9th angle outta 21 is being handled.
* 10th angle outta 21 is being handled.
* 11th angle outta 21 is being handled.
* 12th angle outta 21 is being handled.
* 13th angle outta 21 is being handled.
* 14th angle outta 21 is being handled.
* 15th angle outta 21 is being handled.
* 16th angle outta 21 is being handled.
* 17th angle outta 21 is being handled.
* 18th angle outta 21 is being handled.
* 19th angle outta 21 is being handled.
* 20th angle outta 21 is being handled.
* 21th angle outta 21 is being handled.
62th wavenumber out of 100 is being handled.
* 1th angle outta 21 is being handled.
* 2th angle outta 21 is being handled.
* 3th angle outta 21 is being handled.
* 4th angle outta 21 is being handled.
* 5th angle outta 21 is being handled.
* 6th angle outta 21 is being handled.
* 7th angle outta 21 is being handled.
* 8th angle outta 21 is being handled.
* 9th angle outta 21 is being handled.
* 10th angle outta 21 is being handled.
* 11th angle outta 21 is being handled.
* 12th angle outta 21 is being handled.
* 13th angle outta 21 is being handled.
* 14th angle outta 21 is being handled.
* 15th angle outta 21 is being handled.
* 16th angle outta 21 is being handled.
* 17th angle outta 21 is being handled.
* 18th angle outta 21 is being handled.
* 19th angle outta 21 is being handled.
* 20th angle outta 21 is being handled.
* 21th angle outta 21 is being handled.
63th wavenumber out of 100 is being handled.
* 1th angle outta 21 is being handled.
* 2th angle outta 21 is being handled.
* 3th angle outta 21 is being handled.
* 4th angle outta 21 is being handled.
* 5th angle outta 21 is being handled.
* 6th angle outta 21 is being handled.
* 7th angle outta 21 is being handled.
* 8th angle outta 21 is being handled.
* 9th angle outta 21 is being handled.
* 10th angle outta 21 is being handled.
* 11th angle outta 21 is being handled.
* 12th angle outta 21 is being handled.
* 13th angle outta 21 is being handled.
* 14th angle outta 21 is being handled.
* 15th angle outta 21 is being handled.
* 16th angle outta 21 is being handled.
* 17th angle outta 21 is being handled.
* 18th angle outta 21 is being handled.
* 19th angle outta 21 is being handled.
* 20th angle outta 21 is being handled.
* 21th angle outta 21 is being handled.
64th wavenumber out of 100 is being handled.
* 1th angle outta 21 is being handled.
* 2th angle outta 21 is being handled.
* 3th angle outta 21 is being handled.
* 4th angle outta 21 is being handled.
* 5th angle outta 21 is being handled.
* 6th angle outta 21 is being handled.
* 7th angle outta 21 is being handled.
* 8th angle outta 21 is being handled.
* 9th angle outta 21 is being handled.
* 10th angle outta 21 is being handled.
* 11th angle outta 21 is being handled.
* 12th angle outta 21 is being handled.
* 13th angle outta 21 is being handled.
* 14th angle outta 21 is being handled.
* 15th angle outta 21 is being handled.
* 16th angle outta 21 is being handled.
* 17th angle outta 21 is being handled.
* 18th angle outta 21 is being handled.
* 19th angle outta 21 is being handled.
* 20th angle outta 21 is being handled.
* 21th angle outta 21 is being handled.
65th wavenumber out of 100 is being handled.
* 1th angle outta 21 is being handled.
* 2th angle outta 21 is being handled.
* 3th angle outta 21 is being handled.
* 4th angle outta 21 is being handled.
* 5th angle outta 21 is being handled.
* 6th angle outta 21 is being handled.
* 7th angle outta 21 is being handled.
* 8th angle outta 21 is being handled.
* 9th angle outta 21 is being handled.
* 10th angle outta 21 is being handled.
* 11th angle outta 21 is being handled.
* 12th angle outta 21 is being handled.
* 13th angle outta 21 is being handled.
* 14th angle outta 21 is being handled.
* 15th angle outta 21 is being handled.
* 16th angle outta 21 is being handled.
* 17th angle outta 21 is being handled.
* 18th angle outta 21 is being handled.
* 19th angle outta 21 is being handled.
* 20th angle outta 21 is being handled.
* 21th angle outta 21 is being handled.
66th wavenumber out of 100 is being handled.
* 1th angle outta 21 is being handled.
* 2th angle outta 21 is being handled.
* 3th angle outta 21 is being handled.
* 4th angle outta 21 is being handled.
* 5th angle outta 21 is being handled.
* 6th angle outta 21 is being handled.
* 7th angle outta 21 is being handled.
* 8th angle outta 21 is being handled.
* 9th angle outta 21 is being handled.
* 10th angle outta 21 is being handled.
* 11th angle outta 21 is being handled.
* 12th angle outta 21 is being handled.
* 13th angle outta 21 is being handled.
* 14th angle outta 21 is being handled.
* 15th angle outta 21 is being handled.
* 16th angle outta 21 is being handled.
* 17th angle outta 21 is being handled.
* 18th angle outta 21 is being handled.
* 19th angle outta 21 is being handled.
* 20th angle outta 21 is being handled.
* 21th angle outta 21 is being handled.
67th wavenumber out of 100 is being handled.
* 1th angle outta 21 is being handled.
* 2th angle outta 21 is being handled.
* 3th angle outta 21 is being handled.
* 4th angle outta 21 is being handled.
* 5th angle outta 21 is being handled.
* 6th angle outta 21 is being handled.
* 7th angle outta 21 is being handled.
* 8th angle outta 21 is being handled.
* 9th angle outta 21 is being handled.
* 10th angle outta 21 is being handled.
* 11th angle outta 21 is being handled.
* 12th angle outta 21 is being handled.
* 13th angle outta 21 is being handled.
* 14th angle outta 21 is being handled.
* 15th angle outta 21 is being handled.
* 16th angle outta 21 is being handled.
* 17th angle outta 21 is being handled.
* 18th angle outta 21 is being handled.
* 19th angle outta 21 is being handled.
* 20th angle outta 21 is being handled.
* 21th angle outta 21 is being handled.
68th wavenumber out of 100 is being handled.
* 1th angle outta 21 is being handled.
* 2th angle outta 21 is being handled.
* 3th angle outta 21 is being handled.
* 4th angle outta 21 is being handled.
* 5th angle outta 21 is being handled.
* 6th angle outta 21 is being handled.
* 7th angle outta 21 is being handled.
* 8th angle outta 21 is being handled.
* 9th angle outta 21 is being handled.
* 10th angle outta 21 is being handled.
* 11th angle outta 21 is being handled.
* 12th angle outta 21 is being handled.
* 13th angle outta 21 is being handled.
* 14th angle outta 21 is being handled.
* 15th angle outta 21 is being handled.
* 16th angle outta 21 is being handled.
* 17th angle outta 21 is being handled.
* 18th angle outta 21 is being handled.
* 19th angle outta 21 is being handled.
* 20th angle outta 21 is being handled.
* 21th angle outta 21 is being handled.
69th wavenumber out of 100 is being handled.
* 1th angle outta 21 is being handled.
* 2th angle outta 21 is being handled.
* 3th angle outta 21 is being handled.
* 4th angle outta 21 is being handled.
* 5th angle outta 21 is being handled.
* 6th angle outta 21 is being handled.
* 7th angle outta 21 is being handled.
* 8th angle outta 21 is being handled.
* 9th angle outta 21 is being handled.
* 10th angle outta 21 is being handled.
* 11th angle outta 21 is being handled.
* 12th angle outta 21 is being handled.
* 13th angle outta 21 is being handled.
* 14th angle outta 21 is being handled.
* 15th angle outta 21 is being handled.
* 16th angle outta 21 is being handled.
* 17th angle outta 21 is being handled.
* 18th angle outta 21 is being handled.
* 19th angle outta 21 is being handled.
* 20th angle outta 21 is being handled.
* 21th angle outta 21 is being handled.
70th wavenumber out of 100 is being handled.
* 1th angle outta 21 is being handled.
* 2th angle outta 21 is being handled.
* 3th angle outta 21 is being handled.
* 4th angle outta 21 is being handled.
* 5th angle outta 21 is being handled.
* 6th angle outta 21 is being handled.
* 7th angle outta 21 is being handled.
* 8th angle outta 21 is being handled.
* 9th angle outta 21 is being handled.
* 10th angle outta 21 is being handled.
* 11th angle outta 21 is being handled.
* 12th angle outta 21 is being handled.
* 13th angle outta 21 is being handled.
* 14th angle outta 21 is being handled.
* 15th angle outta 21 is being handled.
* 16th angle outta 21 is being handled.
* 17th angle outta 21 is being handled.
* 18th angle outta 21 is being handled.
* 19th angle outta 21 is being handled.
* 20th angle outta 21 is being handled.
* 21th angle outta 21 is being handled.
71th wavenumber out of 100 is being handled.
* 1th angle outta 21 is being handled.
* 2th angle outta 21 is being handled.
* 3th angle outta 21 is being handled.
* 4th angle outta 21 is being handled.
* 5th angle outta 21 is being handled.
* 6th angle outta 21 is being handled.
* 7th angle outta 21 is being handled.
* 8th angle outta 21 is being handled.
* 9th angle outta 21 is being handled.
* 10th angle outta 21 is being handled.
* 11th angle outta 21 is being handled.
* 12th angle outta 21 is being handled.
* 13th angle outta 21 is being handled.
* 14th angle outta 21 is being handled.
* 15th angle outta 21 is being handled.
* 16th angle outta 21 is being handled.
* 17th angle outta 21 is being handled.
* 18th angle outta 21 is being handled.
* 19th angle outta 21 is being handled.
* 20th angle outta 21 is being handled.
* 21th angle outta 21 is being handled.
72th wavenumber out of 100 is being handled.
* 1th angle outta 21 is being handled.
* 2th angle outta 21 is being handled.
* 3th angle outta 21 is being handled.
* 4th angle outta 21 is being handled.
* 5th angle outta 21 is being handled.
* 6th angle outta 21 is being handled.
* 7th angle outta 21 is being handled.
* 8th angle outta 21 is being handled.
* 9th angle outta 21 is being handled.
* 10th angle outta 21 is being handled.
* 11th angle outta 21 is being handled.
* 12th angle outta 21 is being handled.
* 13th angle outta 21 is being handled.
* 14th angle outta 21 is being handled.
* 15th angle outta 21 is being handled.
* 16th angle outta 21 is being handled.
* 17th angle outta 21 is being handled.
* 18th angle outta 21 is being handled.
* 19th angle outta 21 is being handled.
* 20th angle outta 21 is being handled.
* 21th angle outta 21 is being handled.
73th wavenumber out of 100 is being handled.
* 1th angle outta 21 is being handled.
* 2th angle outta 21 is being handled.
* 3th angle outta 21 is being handled.
* 4th angle outta 21 is being handled.
* 5th angle outta 21 is being handled.
* 6th angle outta 21 is being handled.
* 7th angle outta 21 is being handled.
* 8th angle outta 21 is being handled.
* 9th angle outta 21 is being handled.
* 10th angle outta 21 is being handled.
* 11th angle outta 21 is being handled.
* 12th angle outta 21 is being handled.
* 13th angle outta 21 is being handled.
* 14th angle outta 21 is being handled.
* 15th angle outta 21 is being handled.
* 16th angle outta 21 is being handled.
* 17th angle outta 21 is being handled.
* 18th angle outta 21 is being handled.
* 19th angle outta 21 is being handled.
* 20th angle outta 21 is being handled.
* 21th angle outta 21 is being handled.
74th wavenumber out of 100 is being handled.
* 1th angle outta 21 is being handled.
* 2th angle outta 21 is being handled.
* 3th angle outta 21 is being handled.
* 4th angle outta 21 is being handled.
* 5th angle outta 21 is being handled.
* 6th angle outta 21 is being handled.
* 7th angle outta 21 is being handled.
* 8th angle outta 21 is being handled.
* 9th angle outta 21 is being handled.
* 10th angle outta 21 is being handled.
* 11th angle outta 21 is being handled.
* 12th angle outta 21 is being handled.
* 13th angle outta 21 is being handled.
* 14th angle outta 21 is being handled.
* 15th angle outta 21 is being handled.
* 16th angle outta 21 is being handled.
* 17th angle outta 21 is being handled.
* 18th angle outta 21 is being handled.
* 19th angle outta 21 is being handled.
* 20th angle outta 21 is being handled.
* 21th angle outta 21 is being handled.
75th wavenumber out of 100 is being handled.
* 1th angle outta 21 is being handled.
* 2th angle outta 21 is being handled.
* 3th angle outta 21 is being handled.
* 4th angle outta 21 is being handled.
* 5th angle outta 21 is being handled.
* 6th angle outta 21 is being handled.
* 7th angle outta 21 is being handled.
* 8th angle outta 21 is being handled.
* 9th angle outta 21 is being handled.
* 10th angle outta 21 is being handled.
* 11th angle outta 21 is being handled.
* 12th angle outta 21 is being handled.
* 13th angle outta 21 is being handled.
* 14th angle outta 21 is being handled.
* 15th angle outta 21 is being handled.
* 16th angle outta 21 is being handled.
* 17th angle outta 21 is being handled.
* 18th angle outta 21 is being handled.
* 19th angle outta 21 is being handled.
* 20th angle outta 21 is being handled.
* 21th angle outta 21 is being handled.
76th wavenumber out of 100 is being handled.
* 1th angle outta 21 is being handled.
* 2th angle outta 21 is being handled.
* 3th angle outta 21 is being handled.
* 4th angle outta 21 is being handled.
* 5th angle outta 21 is being handled.
* 6th angle outta 21 is being handled.
* 7th angle outta 21 is being handled.
* 8th angle outta 21 is being handled.
* 9th angle outta 21 is being handled.
* 10th angle outta 21 is being handled.
* 11th angle outta 21 is being handled.
* 12th angle outta 21 is being handled.
* 13th angle outta 21 is being handled.
* 14th angle outta 21 is being handled.
* 15th angle outta 21 is being handled.
* 16th angle outta 21 is being handled.
* 17th angle outta 21 is being handled.
* 18th angle outta 21 is being handled.
* 19th angle outta 21 is being handled.
* 20th angle outta 21 is being handled.
* 21th angle outta 21 is being handled.
77th wavenumber out of 100 is being handled.
* 1th angle outta 21 is being handled.
* 2th angle outta 21 is being handled.
* 3th angle outta 21 is being handled.
* 4th angle outta 21 is being handled.
* 5th angle outta 21 is being handled.
* 6th angle outta 21 is being handled.
* 7th angle outta 21 is being handled.
* 8th angle outta 21 is being handled.
* 9th angle outta 21 is being handled.
* 10th angle outta 21 is being handled.
* 11th angle outta 21 is being handled.
* 12th angle outta 21 is being handled.
* 13th angle outta 21 is being handled.
* 14th angle outta 21 is being handled.
* 15th angle outta 21 is being handled.
* 16th angle outta 21 is being handled.
* 17th angle outta 21 is being handled.
* 18th angle outta 21 is being handled.
* 19th angle outta 21 is being handled.
* 20th angle outta 21 is being handled.
* 21th angle outta 21 is being handled.
78th wavenumber out of 100 is being handled.
* 1th angle outta 21 is being handled.
* 2th angle outta 21 is being handled.
* 3th angle outta 21 is being handled.
* 4th angle outta 21 is being handled.
* 5th angle outta 21 is being handled.
* 6th angle outta 21 is being handled.
* 7th angle outta 21 is being handled.
* 8th angle outta 21 is being handled.
* 9th angle outta 21 is being handled.
* 10th angle outta 21 is being handled.
* 11th angle outta 21 is being handled.
* 12th angle outta 21 is being handled.
* 13th angle outta 21 is being handled.
* 14th angle outta 21 is being handled.
* 15th angle outta 21 is being handled.
* 16th angle outta 21 is being handled.
* 17th angle outta 21 is being handled.
* 18th angle outta 21 is being handled.
* 19th angle outta 21 is being handled.
* 20th angle outta 21 is being handled.
* 21th angle outta 21 is being handled.
79th wavenumber out of 100 is being handled.
* 1th angle outta 21 is being handled.
* 2th angle outta 21 is being handled.
* 3th angle outta 21 is being handled.
* 4th angle outta 21 is being handled.
* 5th angle outta 21 is being handled.
* 6th angle outta 21 is being handled.
* 7th angle outta 21 is being handled.
* 8th angle outta 21 is being handled.
* 9th angle outta 21 is being handled.
* 10th angle outta 21 is being handled.
* 11th angle outta 21 is being handled.
* 12th angle outta 21 is being handled.
* 13th angle outta 21 is being handled.
* 14th angle outta 21 is being handled.
* 15th angle outta 21 is being handled.
* 16th angle outta 21 is being handled.
* 17th angle outta 21 is being handled.
* 18th angle outta 21 is being handled.
* 19th angle outta 21 is being handled.
* 20th angle outta 21 is being handled.
* 21th angle outta 21 is being handled.
80th wavenumber out of 100 is being handled.
* 1th angle outta 21 is being handled.
* 2th angle outta 21 is being handled.
* 3th angle outta 21 is being handled.
* 4th angle outta 21 is being handled.
* 5th angle outta 21 is being handled.
* 6th angle outta 21 is being handled.
* 7th angle outta 21 is being handled.
* 8th angle outta 21 is being handled.
* 9th angle outta 21 is being handled.
* 10th angle outta 21 is being handled.
* 11th angle outta 21 is being handled.
* 12th angle outta 21 is being handled.
* 13th angle outta 21 is being handled.
* 14th angle outta 21 is being handled.
* 15th angle outta 21 is being handled.
* 16th angle outta 21 is being handled.
* 17th angle outta 21 is being handled.
* 18th angle outta 21 is being handled.
* 19th angle outta 21 is being handled.
* 20th angle outta 21 is being handled.
* 21th angle outta 21 is being handled.
81th wavenumber out of 100 is being handled.
* 1th angle outta 21 is being handled.
* 2th angle outta 21 is being handled.
* 3th angle outta 21 is being handled.
* 4th angle outta 21 is being handled.
* 5th angle outta 21 is being handled.
* 6th angle outta 21 is being handled.
* 7th angle outta 21 is being handled.
* 8th angle outta 21 is being handled.
* 9th angle outta 21 is being handled.
* 10th angle outta 21 is being handled.
* 11th angle outta 21 is being handled.
* 12th angle outta 21 is being handled.
* 13th angle outta 21 is being handled.
* 14th angle outta 21 is being handled.
* 15th angle outta 21 is being handled.
* 16th angle outta 21 is being handled.
* 17th angle outta 21 is being handled.
* 18th angle outta 21 is being handled.
* 19th angle outta 21 is being handled.
* 20th angle outta 21 is being handled.
* 21th angle outta 21 is being handled.
82th wavenumber out of 100 is being handled.
* 1th angle outta 21 is being handled.
* 2th angle outta 21 is being handled.
* 3th angle outta 21 is being handled.
* 4th angle outta 21 is being handled.
* 5th angle outta 21 is being handled.
* 6th angle outta 21 is being handled.
* 7th angle outta 21 is being handled.
* 8th angle outta 21 is being handled.
* 9th angle outta 21 is being handled.
* 10th angle outta 21 is being handled.
* 11th angle outta 21 is being handled.
* 12th angle outta 21 is being handled.
* 13th angle outta 21 is being handled.
* 14th angle outta 21 is being handled.
* 15th angle outta 21 is being handled.
* 16th angle outta 21 is being handled.
* 17th angle outta 21 is being handled.
* 18th angle outta 21 is being handled.
* 19th angle outta 21 is being handled.
* 20th angle outta 21 is being handled.
* 21th angle outta 21 is being handled.
83th wavenumber out of 100 is being handled.
* 1th angle outta 21 is being handled.
* 2th angle outta 21 is being handled.
* 3th angle outta 21 is being handled.
* 4th angle outta 21 is being handled.
* 5th angle outta 21 is being handled.
* 6th angle outta 21 is being handled.
* 7th angle outta 21 is being handled.
* 8th angle outta 21 is being handled.
* 9th angle outta 21 is being handled.
* 10th angle outta 21 is being handled.
* 11th angle outta 21 is being handled.
* 12th angle outta 21 is being handled.
* 13th angle outta 21 is being handled.
* 14th angle outta 21 is being handled.
* 15th angle outta 21 is being handled.
* 16th angle outta 21 is being handled.
* 17th angle outta 21 is being handled.
* 18th angle outta 21 is being handled.
* 19th angle outta 21 is being handled.
* 20th angle outta 21 is being handled.
* 21th angle outta 21 is being handled.
84th wavenumber out of 100 is being handled.
* 1th angle outta 21 is being handled.
* 2th angle outta 21 is being handled.
* 3th angle outta 21 is being handled.
* 4th angle outta 21 is being handled.
* 5th angle outta 21 is being handled.
* 6th angle outta 21 is being handled.
* 7th angle outta 21 is being handled.
* 8th angle outta 21 is being handled.
* 9th angle outta 21 is being handled.
* 10th angle outta 21 is being handled.
* 11th angle outta 21 is being handled.
* 12th angle outta 21 is being handled.
* 13th angle outta 21 is being handled.
* 14th angle outta 21 is being handled.
* 15th angle outta 21 is being handled.
* 16th angle outta 21 is being handled.
* 17th angle outta 21 is being handled.
* 18th angle outta 21 is being handled.
* 19th angle outta 21 is being handled.
* 20th angle outta 21 is being handled.
* 21th angle outta 21 is being handled.
85th wavenumber out of 100 is being handled.
* 1th angle outta 21 is being handled.
* 2th angle outta 21 is being handled.
* 3th angle outta 21 is being handled.
* 4th angle outta 21 is being handled.
* 5th angle outta 21 is being handled.
* 6th angle outta 21 is being handled.
* 7th angle outta 21 is being handled.
* 8th angle outta 21 is being handled.
* 9th angle outta 21 is being handled.
* 10th angle outta 21 is being handled.
* 11th angle outta 21 is being handled.
* 12th angle outta 21 is being handled.
* 13th angle outta 21 is being handled.
* 14th angle outta 21 is being handled.
* 15th angle outta 21 is being handled.
* 16th angle outta 21 is being handled.
* 17th angle outta 21 is being handled.
* 18th angle outta 21 is being handled.
* 19th angle outta 21 is being handled.
* 20th angle outta 21 is being handled.
* 21th angle outta 21 is being handled.
86th wavenumber out of 100 is being handled.
* 1th angle outta 21 is being handled.
* 2th angle outta 21 is being handled.
* 3th angle outta 21 is being handled.
* 4th angle outta 21 is being handled.
* 5th angle outta 21 is being handled.
* 6th angle outta 21 is being handled.
* 7th angle outta 21 is being handled.
* 8th angle outta 21 is being handled.
* 9th angle outta 21 is being handled.
* 10th angle outta 21 is being handled.
* 11th angle outta 21 is being handled.
* 12th angle outta 21 is being handled.
* 13th angle outta 21 is being handled.
* 14th angle outta 21 is being handled.
* 15th angle outta 21 is being handled.
* 16th angle outta 21 is being handled.
* 17th angle outta 21 is being handled.
* 18th angle outta 21 is being handled.
* 19th angle outta 21 is being handled.
* 20th angle outta 21 is being handled.
* 21th angle outta 21 is being handled.
87th wavenumber out of 100 is being handled.
* 1th angle outta 21 is being handled.
* 2th angle outta 21 is being handled.
* 3th angle outta 21 is being handled.
* 4th angle outta 21 is being handled.
* 5th angle outta 21 is being handled.
* 6th angle outta 21 is being handled.
* 7th angle outta 21 is being handled.
* 8th angle outta 21 is being handled.
* 9th angle outta 21 is being handled.
* 10th angle outta 21 is being handled.
* 11th angle outta 21 is being handled.
* 12th angle outta 21 is being handled.
* 13th angle outta 21 is being handled.
* 14th angle outta 21 is being handled.
* 15th angle outta 21 is being handled.
* 16th angle outta 21 is being handled.
* 17th angle outta 21 is being handled.
* 18th angle outta 21 is being handled.
* 19th angle outta 21 is being handled.
* 20th angle outta 21 is being handled.
* 21th angle outta 21 is being handled.
88th wavenumber out of 100 is being handled.
* 1th angle outta 21 is being handled.
* 2th angle outta 21 is being handled.
* 3th angle outta 21 is being handled.
* 4th angle outta 21 is being handled.
* 5th angle outta 21 is being handled.
* 6th angle outta 21 is being handled.
* 7th angle outta 21 is being handled.
* 8th angle outta 21 is being handled.
* 9th angle outta 21 is being handled.
* 10th angle outta 21 is being handled.
* 11th angle outta 21 is being handled.
* 12th angle outta 21 is being handled.
* 13th angle outta 21 is being handled.
* 14th angle outta 21 is being handled.
* 15th angle outta 21 is being handled.
* 16th angle outta 21 is being handled.
* 17th angle outta 21 is being handled.
* 18th angle outta 21 is being handled.
* 19th angle outta 21 is being handled.
* 20th angle outta 21 is being handled.
* 21th angle outta 21 is being handled.
89th wavenumber out of 100 is being handled.
* 1th angle outta 21 is being handled.
* 2th angle outta 21 is being handled.
* 3th angle outta 21 is being handled.
* 4th angle outta 21 is being handled.
* 5th angle outta 21 is being handled.
* 6th angle outta 21 is being handled.
* 7th angle outta 21 is being handled.
* 8th angle outta 21 is being handled.
* 9th angle outta 21 is being handled.
* 10th angle outta 21 is being handled.
* 11th angle outta 21 is being handled.
* 12th angle outta 21 is being handled.
* 13th angle outta 21 is being handled.
* 14th angle outta 21 is being handled.
* 15th angle outta 21 is being handled.
* 16th angle outta 21 is being handled.
* 17th angle outta 21 is being handled.
* 18th angle outta 21 is being handled.
* 19th angle outta 21 is being handled.
* 20th angle outta 21 is being handled.
* 21th angle outta 21 is being handled.
90th wavenumber out of 100 is being handled.
* 1th angle outta 21 is being handled.
* 2th angle outta 21 is being handled.
* 3th angle outta 21 is being handled.
* 4th angle outta 21 is being handled.
* 5th angle outta 21 is being handled.
* 6th angle outta 21 is being handled.
* 7th angle outta 21 is being handled.
* 8th angle outta 21 is being handled.
* 9th angle outta 21 is being handled.
* 10th angle outta 21 is being handled.
* 11th angle outta 21 is being handled.
* 12th angle outta 21 is being handled.
* 13th angle outta 21 is being handled.
* 14th angle outta 21 is being handled.
* 15th angle outta 21 is being handled.
* 16th angle outta 21 is being handled.
* 17th angle outta 21 is being handled.
* 18th angle outta 21 is being handled.
* 19th angle outta 21 is being handled.
* 20th angle outta 21 is being handled.
* 21th angle outta 21 is being handled.
91th wavenumber out of 100 is being handled.
* 1th angle outta 21 is being handled.
* 2th angle outta 21 is being handled.
* 3th angle outta 21 is being handled.
* 4th angle outta 21 is being handled.
* 5th angle outta 21 is being handled.
* 6th angle outta 21 is being handled.
* 7th angle outta 21 is being handled.
* 8th angle outta 21 is being handled.
* 9th angle outta 21 is being handled.
* 10th angle outta 21 is being handled.
* 11th angle outta 21 is being handled.
* 12th angle outta 21 is being handled.
* 13th angle outta 21 is being handled.
* 14th angle outta 21 is being handled.
* 15th angle outta 21 is being handled.
* 16th angle outta 21 is being handled.
* 17th angle outta 21 is being handled.
* 18th angle outta 21 is being handled.
* 19th angle outta 21 is being handled.
* 20th angle outta 21 is being handled.
* 21th angle outta 21 is being handled.
92th wavenumber out of 100 is being handled.
* 1th angle outta 21 is being handled.
* 2th angle outta 21 is being handled.
* 3th angle outta 21 is being handled.
* 4th angle outta 21 is being handled.
* 5th angle outta 21 is being handled.
* 6th angle outta 21 is being handled.
* 7th angle outta 21 is being handled.
* 8th angle outta 21 is being handled.
* 9th angle outta 21 is being handled.
* 10th angle outta 21 is being handled.
* 11th angle outta 21 is being handled.
* 12th angle outta 21 is being handled.
* 13th angle outta 21 is being handled.
* 14th angle outta 21 is being handled.
* 15th angle outta 21 is being handled.
* 16th angle outta 21 is being handled.
* 17th angle outta 21 is being handled.
* 18th angle outta 21 is being handled.
* 19th angle outta 21 is being handled.
* 20th angle outta 21 is being handled.
* 21th angle outta 21 is being handled.
93th wavenumber out of 100 is being handled.
* 1th angle outta 21 is being handled.
* 2th angle outta 21 is being handled.
* 3th angle outta 21 is being handled.
* 4th angle outta 21 is being handled.
* 5th angle outta 21 is being handled.
* 6th angle outta 21 is being handled.
* 7th angle outta 21 is being handled.
* 8th angle outta 21 is being handled.
* 9th angle outta 21 is being handled.
* 10th angle outta 21 is being handled.
* 11th angle outta 21 is being handled.
* 12th angle outta 21 is being handled.
* 13th angle outta 21 is being handled.
* 14th angle outta 21 is being handled.
* 15th angle outta 21 is being handled.
* 16th angle outta 21 is being handled.
* 17th angle outta 21 is being handled.
* 18th angle outta 21 is being handled.
* 19th angle outta 21 is being handled.
* 20th angle outta 21 is being handled.
* 21th angle outta 21 is being handled.
94th wavenumber out of 100 is being handled.
* 1th angle outta 21 is being handled.
* 2th angle outta 21 is being handled.
* 3th angle outta 21 is being handled.
* 4th angle outta 21 is being handled.
* 5th angle outta 21 is being handled.
* 6th angle outta 21 is being handled.
* 7th angle outta 21 is being handled.
* 8th angle outta 21 is being handled.
* 9th angle outta 21 is being handled.
* 10th angle outta 21 is being handled.
* 11th angle outta 21 is being handled.
* 12th angle outta 21 is being handled.
* 13th angle outta 21 is being handled.
* 14th angle outta 21 is being handled.
* 15th angle outta 21 is being handled.
* 16th angle outta 21 is being handled.
* 17th angle outta 21 is being handled.
* 18th angle outta 21 is being handled.
* 19th angle outta 21 is being handled.
* 20th angle outta 21 is being handled.
* 21th angle outta 21 is being handled.
95th wavenumber out of 100 is being handled.
* 1th angle outta 21 is being handled.
* 2th angle outta 21 is being handled.
* 3th angle outta 21 is being handled.
* 4th angle outta 21 is being handled.
* 5th angle outta 21 is being handled.
* 6th angle outta 21 is being handled.
* 7th angle outta 21 is being handled.
* 8th angle outta 21 is being handled.
* 9th angle outta 21 is being handled.
* 10th angle outta 21 is being handled.
* 11th angle outta 21 is being handled.
* 12th angle outta 21 is being handled.
* 13th angle outta 21 is being handled.
* 14th angle outta 21 is being handled.
* 15th angle outta 21 is being handled.
* 16th angle outta 21 is being handled.
* 17th angle outta 21 is being handled.
* 18th angle outta 21 is being handled.
* 19th angle outta 21 is being handled.
* 20th angle outta 21 is being handled.
* 21th angle outta 21 is being handled.
96th wavenumber out of 100 is being handled.
* 1th angle outta 21 is being handled.
* 2th angle outta 21 is being handled.
* 3th angle outta 21 is being handled.
* 4th angle outta 21 is being handled.
* 5th angle outta 21 is being handled.
* 6th angle outta 21 is being handled.
* 7th angle outta 21 is being handled.
* 8th angle outta 21 is being handled.
* 9th angle outta 21 is being handled.
* 10th angle outta 21 is being handled.
* 11th angle outta 21 is being handled.
* 12th angle outta 21 is being handled.
* 13th angle outta 21 is being handled.
* 14th angle outta 21 is being handled.
* 15th angle outta 21 is being handled.
* 16th angle outta 21 is being handled.
* 17th angle outta 21 is being handled.
* 18th angle outta 21 is being handled.
* 19th angle outta 21 is being handled.
* 20th angle outta 21 is being handled.
* 21th angle outta 21 is being handled.
97th wavenumber out of 100 is being handled.
* 1th angle outta 21 is being handled.
* 2th angle outta 21 is being handled.
* 3th angle outta 21 is being handled.
* 4th angle outta 21 is being handled.
* 5th angle outta 21 is being handled.
* 6th angle outta 21 is being handled.
* 7th angle outta 21 is being handled.
* 8th angle outta 21 is being handled.
* 9th angle outta 21 is being handled.
* 10th angle outta 21 is being handled.
* 11th angle outta 21 is being handled.
* 12th angle outta 21 is being handled.
* 13th angle outta 21 is being handled.
* 14th angle outta 21 is being handled.
* 15th angle outta 21 is being handled.
* 16th angle outta 21 is being handled.
* 17th angle outta 21 is being handled.
* 18th angle outta 21 is being handled.
* 19th angle outta 21 is being handled.
* 20th angle outta 21 is being handled.
* 21th angle outta 21 is being handled.
98th wavenumber out of 100 is being handled.
* 1th angle outta 21 is being handled.
* 2th angle outta 21 is being handled.
* 3th angle outta 21 is being handled.
* 4th angle outta 21 is being handled.
* 5th angle outta 21 is being handled.
* 6th angle outta 21 is being handled.
* 7th angle outta 21 is being handled.
* 8th angle outta 21 is being handled.
* 9th angle outta 21 is being handled.
* 10th angle outta 21 is being handled.
* 11th angle outta 21 is being handled.
* 12th angle outta 21 is being handled.
* 13th angle outta 21 is being handled.
* 14th angle outta 21 is being handled.
* 15th angle outta 21 is being handled.
* 16th angle outta 21 is being handled.
* 17th angle outta 21 is being handled.
* 18th angle outta 21 is being handled.
* 19th angle outta 21 is being handled.
* 20th angle outta 21 is being handled.
* 21th angle outta 21 is being handled.
99th wavenumber out of 100 is being handled.
* 1th angle outta 21 is being handled.
* 2th angle outta 21 is being handled.
* 3th angle outta 21 is being handled.
* 4th angle outta 21 is being handled.
* 5th angle outta 21 is being handled.
* 6th angle outta 21 is being handled.
* 7th angle outta 21 is being handled.
* 8th angle outta 21 is being handled.
* 9th angle outta 21 is being handled.
* 10th angle outta 21 is being handled.
* 11th angle outta 21 is being handled.
* 12th angle outta 21 is being handled.
* 13th angle outta 21 is being handled.
* 14th angle outta 21 is being handled.
* 15th angle outta 21 is being handled.
* 16th angle outta 21 is being handled.
* 17th angle outta 21 is being handled.
* 18th angle outta 21 is being handled.
* 19th angle outta 21 is being handled.
* 20th angle outta 21 is being handled.
* 21th angle outta 21 is being handled.
100th wavenumber out of 100 is being handled.
* 1th angle outta 21 is being handled.
* 2th angle outta 21 is being handled.
* 3th angle outta 21 is being handled.
* 4th angle outta 21 is being handled.
* 5th angle outta 21 is being handled.
* 6th angle outta 21 is being handled.
* 7th angle outta 21 is being handled.
* 8th angle outta 21 is being handled.
* 9th angle outta 21 is being handled.
* 10th angle outta 21 is being handled.
* 11th angle outta 21 is being handled.
* 12th angle outta 21 is being handled.
* 13th angle outta 21 is being handled.
* 14th angle outta 21 is being handled.
* 15th angle outta 21 is being handled.
* 16th angle outta 21 is being handled.
* 17th angle outta 21 is being handled.
* 18th angle outta 21 is being handled.
* 19th angle outta 21 is being handled.
* 20th angle outta 21 is being handled.
* 21th angle outta 21 is being handled.
*********** bccomics_setup successfully ended ************
